# JRE version: OpenJDK Runtime Environment (11.0.10+9) (build 11.0.10+9-Ubuntu-0ubuntu1.20.04)
# Java VM: OpenJDK 64-Bit Server VM (11.0.10+9-Ubuntu-0ubuntu1.20.04, mixed mode, sharing, tiered, compressed oops, g1 gc, linux-amd64)
Heap:
 garbage-first heap   total 65536K, used 14347K [0x00000000c3a00000, 0x0000000100000000)
  region size 1024K, 8 young (8192K), 3 survivors (3072K)
 Metaspace       used 12368K, capacity 12919K, committed 13056K, reserved 1060864K
  class space    used 1549K, capacity 1732K, committed 1792K, reserved 1048576K
GC Heap History (14 events):
Event: 2.932 GC heap before
{Heap before GC invocations=0 (full 0):
 garbage-first heap   total 65536K, used 15048K [0x00000000c3a00000, 0x0000000100000000)
  region size 1024K, 14 young (14336K), 0 survivors (0K)
 Metaspace       used 3100K, capacity 4974K, committed 5120K, reserved 1056768K
  class space    used 275K, capacity 443K, committed 512K, reserved 1048576K
}
Event: 2.944 GC heap after
{Heap after GC invocations=1 (full 0):
 garbage-first heap   total 65536K, used 7312K [0x00000000c3a00000, 0x0000000100000000)
  region size 1024K, 2 young (2048K), 2 survivors (2048K)
 Metaspace       used 3100K, capacity 4974K, committed 5120K, reserved 1056768K
  class space    used 275K, capacity 443K, committed 512K, reserved 1048576K
}
Event: 19.773 GC heap before
{Heap before GC invocations=1 (full 0):
 garbage-first heap   total 65536K, used 18576K [0x00000000c3a00000, 0x0000000100000000)
  region size 1024K, 13 young (13312K), 2 survivors (2048K)
 Metaspace       used 4583K, capacity 5777K, committed 6016K, reserved 1056768K
  class space    used 444K, capacity 585K, committed 640K, reserved 1048576K
}
Event: 19.788 GC heap after
{Heap after GC invocations=2 (full 0):
 garbage-first heap   total 65536K, used 7862K [0x00000000c3a00000, 0x0000000100000000)
  region size 1024K, 1 young (1024K), 1 survivors (1024K)
 Metaspace       used 4583K, capacity 5777K, committed 6016K, reserved 1056768K
  class space    used 444K, capacity 585K, committed 640K, reserved 1048576K
}
Event: 24.876 GC heap before
{Heap before GC invocations=2 (full 0):
 garbage-first heap   total 65536K, used 28342K [0x00000000c3a00000, 0x0000000100000000)
  region size 1024K, 21 young (21504K), 1 survivors (1024K)
 Metaspace       used 6661K, capacity 7412K, committed 7680K, reserved 1056768K
  class space    used 752K, capacity 940K, committed 1024K, reserved 1048576K
}
Event: 24.880 GC heap after
{Heap after GC invocations=3 (full 0):
 garbage-first heap   total 65536K, used 8299K [0x00000000c3a00000, 0x0000000100000000)
  region size 1024K, 1 young (1024K), 1 survivors (1024K)
 Metaspace       used 6661K, capacity 7412K, committed 7680K, reserved 1056768K
  class space    used 752K, capacity 940K, committed 1024K, reserved 1048576K
}
Event: 25.620 GC heap before
{Heap before GC invocations=3 (full 0):
 garbage-first heap   total 65536K, used 31851K [0x00000000c3a00000, 0x0000000100000000)
  region size 1024K, 25 young (25600K), 1 survivors (1024K)
 Metaspace       used 9258K, capacity 9776K, committed 9984K, reserved 1058816K
  class space    used 1066K, capacity 1242K, committed 1280K, reserved 1048576K
}
Event: 25.626 GC heap after
{Heap after GC invocations=4 (full 0):
 garbage-first heap   total 65536K, used 9258K [0x00000000c3a00000, 0x0000000100000000)
  region size 1024K, 2 young (2048K), 2 survivors (2048K)
 Metaspace       used 9258K, capacity 9776K, committed 9984K, reserved 1058816K
  class space    used 1066K, capacity 1242K, committed 1280K, reserved 1048576K
}
Event: 26.267 GC heap before
{Heap before GC invocations=4 (full 0):
 garbage-first heap   total 65536K, used 35882K [0x00000000c3a00000, 0x0000000100000000)
  region size 1024K, 28 young (28672K), 2 survivors (2048K)
 Metaspace       used 10803K, capacity 11312K, committed 11648K, reserved 1058816K
  class space    used 1343K, capacity 1537K, committed 1664K, reserved 1048576K
}
Event: 26.276 GC heap after
{Heap after GC invocations=5 (full 0):
 garbage-first heap   total 65536K, used 9769K [0x00000000c3a00000, 0x0000000100000000)
  region size 1024K, 3 young (3072K), 3 survivors (3072K)
 Metaspace       used 10803K, capacity 11312K, committed 11648K, reserved 1058816K
  class space    used 1343K, capacity 1537K, committed 1664K, reserved 1048576K
}
Event: 26.587 GC heap before
{Heap before GC invocations=5 (full 0):
 garbage-first heap   total 65536K, used 36393K [0x00000000c3a00000, 0x0000000100000000)
  region size 1024K, 30 young (30720K), 3 survivors (3072K)
 Metaspace       used 12127K, capacity 12613K, committed 12800K, reserved 1060864K
  class space    used 1516K, capacity 1694K, committed 1792K, reserved 1048576K
}
Event: 26.594 GC heap after
{Heap after GC invocations=6 (full 0):
 garbage-first heap   total 65536K, used 10142K [0x00000000c3a00000, 0x0000000100000000)
  region size 1024K, 3 young (3072K), 3 survivors (3072K)
 Metaspace       used 12127K, capacity 12613K, committed 12800K, reserved 1060864K
  class space    used 1516K, capacity 1694K, committed 1792K, reserved 1048576K
}
Event: 26.603 GC heap before
{Heap before GC invocations=6 (full 0):
 garbage-first heap   total 65536K, used 39838K [0x00000000c3a00000, 0x0000000100000000)
  region size 1024K, 33 young (33792K), 3 survivors (3072K)
 Metaspace       used 12127K, capacity 12613K, committed 12800K, reserved 1060864K
  class space    used 1516K, capacity 1694K, committed 1792K, reserved 1048576K
}
Event: 26.607 GC heap after
{Heap after GC invocations=7 (full 0):
 garbage-first heap   total 65536K, used 10251K [0x00000000c3a00000, 0x0000000100000000)
  region size 1024K, 3 young (3072K), 3 survivors (3072K)
 Metaspace       used 12127K, capacity 12613K, committed 12800K, reserved 1060864K
  class space    used 1516K, capacity 1694K, committed 1792K, reserved 1048576K
}

